c:\code\c-code\snakeintroductioncode\snakeintroductioncode\x64\debug\vc143.pdb
c:\code\c-code\snakeintroductioncode\snakeintroductioncode\x64\debug\vc143.idb
c:\code\c-code\snakeintroductioncode\snakeintroductioncode\x64\debug\test.obj
c:\code\c-code\snakeintroductioncode\snakeintroductioncode\x64\debug\snake.obj
c:\code\c-code\snakeintroductioncode\snakeintroductioncode\x64\debug\snakeintroductioncode.ilk
c:\code\c-code\snakeintroductioncode\x64\debug\snakeintroductioncode.pdb
c:\code\c-code\snakeintroductioncode\snakeintroductioncode\x64\debug\snakeint.04d496d9.tlog\cl.command.1.tlog
c:\code\c-code\snakeintroductioncode\snakeintroductioncode\x64\debug\snakeint.04d496d9.tlog\cl.items.tlog
c:\code\c-code\snakeintroductioncode\snakeintroductioncode\x64\debug\snakeint.04d496d9.tlog\cl.read.1.tlog
c:\code\c-code\snakeintroductioncode\snakeintroductioncode\x64\debug\snakeint.04d496d9.tlog\cl.write.1.tlog
c:\code\c-code\snakeintroductioncode\snakeintroductioncode\x64\debug\snakeint.04d496d9.tlog\link.44444-cvtres.read.1.tlog
c:\code\c-code\snakeintroductioncode\snakeintroductioncode\x64\debug\snakeint.04d496d9.tlog\link.44444-cvtres.write.1.tlog
c:\code\c-code\snakeintroductioncode\snakeintroductioncode\x64\debug\snakeint.04d496d9.tlog\link.44444-rc.read.1.tlog
c:\code\c-code\snakeintroductioncode\snakeintroductioncode\x64\debug\snakeint.04d496d9.tlog\link.44444-rc.write.1.tlog
c:\code\c-code\snakeintroductioncode\snakeintroductioncode\x64\debug\snakeint.04d496d9.tlog\link.44444.read.1.tlog
c:\code\c-code\snakeintroductioncode\snakeintroductioncode\x64\debug\snakeint.04d496d9.tlog\link.44444.read.2.tlog
c:\code\c-code\snakeintroductioncode\snakeintroductioncode\x64\debug\snakeint.04d496d9.tlog\link.44444.read.3.tlog
c:\code\c-code\snakeintroductioncode\snakeintroductioncode\x64\debug\snakeint.04d496d9.tlog\link.44444.read.4.tlog
c:\code\c-code\snakeintroductioncode\snakeintroductioncode\x64\debug\snakeint.04d496d9.tlog\link.44444.write.1.tlog
c:\code\c-code\snakeintroductioncode\snakeintroductioncode\x64\debug\snakeint.04d496d9.tlog\link.command.1.tlog
c:\code\c-code\snakeintroductioncode\snakeintroductioncode\x64\debug\snakeint.04d496d9.tlog\link.read.1.tlog
c:\code\c-code\snakeintroductioncode\snakeintroductioncode\x64\debug\snakeint.04d496d9.tlog\link.secondary.1.tlog
c:\code\c-code\snakeintroductioncode\snakeintroductioncode\x64\debug\snakeint.04d496d9.tlog\link.write.1.tlog
